c:\lab05\vc\asteroids\debug\vc120.pdb
c:\lab05\vc\asteroids\debug\vc120.idb
c:\lab05\vc\asteroids\debug\asteroid.obj
c:\lab05\vc\asteroids\debug\asteroids.obj
c:\lab05\vc\asteroids\debug\spaceship.obj
c:\lab05\vc\asteroids\debug\main.obj
c:\users\silviu\desktop\new folder (3)\cwk game final\lab05\vc\asteroids\debug\vc120.pdb
c:\users\silviu\desktop\new folder (3)\cwk game final\lab05\vc\asteroids\debug\vc120.idb
c:\users\silviu\desktop\new folder (3)\cwk game final\lab05\vc\asteroids\debug\addedshield.obj
c:\users\silviu\desktop\new folder (3)\cwk game final\lab05\vc\asteroids\debug\allien.obj
c:\users\silviu\desktop\new folder (3)\cwk game final\lab05\vc\asteroids\debug\allienbullet.obj
c:\users\silviu\desktop\new folder (3)\cwk game final\lab05\vc\asteroids\debug\asteroid.obj
c:\users\silviu\desktop\new folder (3)\cwk game final\lab05\vc\asteroids\debug\asteroids.obj
c:\users\silviu\desktop\new folder (3)\cwk game final\lab05\vc\asteroids\debug\bullet.obj
c:\users\silviu\desktop\new folder (3)\cwk game final\lab05\vc\asteroids\debug\explosion.obj
c:\users\silviu\desktop\new folder (3)\cwk game final\lab05\vc\asteroids\debug\life.obj
c:\users\silviu\desktop\new folder (3)\cwk game final\lab05\vc\asteroids\debug\main.obj
c:\users\silviu\desktop\new folder (3)\cwk game final\lab05\vc\asteroids\debug\powerupshield.obj
c:\users\silviu\desktop\new folder (3)\cwk game final\lab05\vc\asteroids\debug\smallasteroid.obj
c:\users\silviu\desktop\new folder (3)\cwk game final\lab05\vc\asteroids\debug\spaceship.obj
c:\lab05\bin\asteroids.ilk
c:\lab05\bin\asteroids.exe
c:\lab05\vc\asteroids\debug\asteroids.pdb
c:\users\silviu\desktop\new folder (3)\cwk game final\lab05\bin\asteroids.ilk
c:\users\silviu\desktop\new folder (3)\cwk game final\lab05\bin\asteroids.exe
c:\users\silviu\desktop\new folder (3)\cwk game final\lab05\vc\asteroids\debug\asteroids.pdb
c:\users\silviu\desktop\new folder (3)\cwk game final\lab05\vc\asteroids\debug\power_up_shield.obj
c:\users\silviu\desktop\new folder (3)\cwk game final\lab05\vc\asteroids\..\..\bin\asteroids.exe
c:\users\silviu\desktop\new folder (3)\cwk game final\lab05\vc\asteroids\debug\asteroids.tlog\cl.command.1.tlog
c:\users\silviu\desktop\new folder (3)\cwk game final\lab05\vc\asteroids\debug\asteroids.tlog\cl.read.1.tlog
c:\users\silviu\desktop\new folder (3)\cwk game final\lab05\vc\asteroids\debug\asteroids.tlog\cl.write.1.tlog
c:\users\silviu\desktop\new folder (3)\cwk game final\lab05\vc\asteroids\debug\asteroids.tlog\link.command.1.tlog
c:\users\silviu\desktop\new folder (3)\cwk game final\lab05\vc\asteroids\debug\asteroids.tlog\link.read.1.tlog
c:\users\silviu\desktop\new folder (3)\cwk game final\lab05\vc\asteroids\debug\asteroids.tlog\link.write.1.tlog
