Build started 23/04/2015 15:45:27.
     1>Project "F:\Game\VC\Asteroids\Asteroids.vcxproj" on node 2 (Build target(s)).
     1>ClCompile:
         E:\Program Files (x86)\Microsoft Visual Studio 12.0\VC\bin\CL.exe /c /I../../include /ZI /nologo /W3 /WX- /Od /Oy- /D WIN32 /D _DEBUG /D _CONSOLE /D _VC80_UPGRADE=0x0710 /D _MBCS /Gm /EHsc /RTC1 /MTd /GS /fp:precise /Zc:wchar_t /Zc:forScope /Fo"Debug\\" /Fd"Debug\vc120.pdb" /Gd /TP /analyze- /errorReport:prompt ..\..\SRC\AddedShield.cpp ..\..\SRC\Allien.cpp ..\..\SRC\Asteroid.cpp ..\..\src\Asteroids.cpp ..\..\src\Bullet.cpp ..\..\SRC\Explosion.cpp ..\..\SRC\Life.cpp ..\..\src\main.cpp ..\..\SRC\PowerUpShield.cpp ..\..\SRC\SmallAsteroid.cpp ..\..\src\Spaceship.cpp
         Spaceship.cpp
         SmallAsteroid.cpp
         PowerUpShield.cpp
         main.cpp
         Life.cpp
         Explosion.cpp
         Bullet.cpp
         Asteroids.cpp
         Asteroid.cpp
         Allien.cpp
         AddedShield.cpp
         Generating Code...
       Link:
         E:\Program Files (x86)\Microsoft Visual Studio 12.0\VC\bin\link.exe /ERRORREPORT:PROMPT /OUT:"..\..\bin\Asteroids.exe" /INCREMENTAL /NOLOGO /LIBPATH:../../lib /LIBPATH:"../Game Engine/Debug" opengl32.lib glu32.lib glut32.lib kernel32.lib user32.lib gdi32.lib winspool.lib comdlg32.lib advapi32.lib shell32.lib ole32.lib oleaut32.lib uuid.lib odbc32.lib odbccp32.lib /MANIFEST /MANIFESTUAC:"level='asInvoker' uiAccess='false'" /manifest:embed /DEBUG /PDB:"Debug\Asteroids.pdb" /SUBSYSTEM:CONSOLE /TLBID:1 /DYNAMICBASE:NO /IMPLIB:"..\..\bin\Asteroids.lib" /MACHINE:X86 /SAFESEH Debug\AddedShield.obj
         Debug\Allien.obj
         Debug\Asteroid.obj
         Debug\Asteroids.obj
         Debug\Bullet.obj
         Debug\Explosion.obj
         Debug\Life.obj
         Debug\main.obj
         Debug\PowerUpShield.obj
         Debug\SmallAsteroid.obj
         Debug\Spaceship.obj
         F:\Game\lib\Engine.lib
     1>AddedShield.obj : warning LNK4075: ignoring '/EDITANDCONTINUE' due to '/SAFESEH' specification
         Asteroids.vcxproj -> F:\Game\VC\Asteroids\..\..\bin\Asteroids.exe
       PostBuildEvent:
         copy ..\..\assets\*.* ..\..\bin
         :VCEnd
         ..\..\assets\Add_Shield.png
         ..\..\assets\asteroid.shape
         ..\..\assets\asteroid1_fs.png
         ..\..\assets\bullet.shape
         ..\..\assets\explosion_fs.png
         ..\..\assets\Life.png
         ..\..\assets\life2.png
         ..\..\assets\p-trans.png
         ..\..\assets\Power.png
         ..\..\assets\powerpad.png
         ..\..\assets\powerpad_fs.png
         ..\..\assets\Shield_Power.png
         ..\..\assets\spaceship.shape
         ..\..\assets\spaceship_fs.png
         ..\..\assets\thruster.shape
                15 file(s) copied.
     1>Done Building Project "F:\Game\VC\Asteroids\Asteroids.vcxproj" (Build target(s)).

Build succeeded.

Time Elapsed 00:00:06.36
