Build started 23/04/2015 15:45:18.
     1>Project "F:\Game\VC\Engine\Engine.vcxproj" on node 2 (Build target(s)).
     1>ClCompile:
         E:\Program Files (x86)\Microsoft Visual Studio 12.0\VC\bin\CL.exe /c /I../../include /ZI /nologo /W3 /WX- /Od /Oy- /D WIN32 /D _DEBUG /D _LIB /D _VC80_UPGRADE=0x0710 /D _MBCS /Gm /EHsc /RTC1 /MTd /GS /fp:precise /Zc:wchar_t /Zc:forScope /Fo"Debug\\" /Fd"Debug\vc120.pdb" /Gd /TP /analyze- /errorReport:prompt ..\..\Src\Animation.cpp ..\..\Src\AnimationManager.cpp ..\..\src\GameDisplay.cpp ..\..\src\GameObject.cpp ..\..\Src\GameObjectType.cpp ..\..\src\GameSession.cpp ..\..\src\GameWindow.cpp ..\..\src\GameWorld.cpp ..\..\src\GlutSession.cpp ..\..\src\GlutWindow.cpp ..\..\src\GLVector.cpp ..\..\src\GUIComponent.cpp ..\..\src\GUIContainer.cpp ..\..\src\GUIIcon.cpp ..\..\src\GUILabel.cpp ..\..\src\Image.cpp ..\..\src\ImageManager.cpp ..\..\src\MovementController.cpp ..\..\Src\Shape.cpp ..\..\src\Sprite.cpp ..\..\src\Texture.cpp ..\..\src\TextureManager.cpp
         TextureManager.cpp
         Texture.cpp
         Sprite.cpp
         Shape.cpp
         MovementController.cpp
         ImageManager.cpp
         Image.cpp
         GUILabel.cpp
         GUIIcon.cpp
         GUIContainer.cpp
         GUIComponent.cpp
         GLVector.cpp
         GlutWindow.cpp
         GlutSession.cpp
         GameWorld.cpp
         GameWindow.cpp
         GameSession.cpp
         GameObjectType.cpp
         GameObject.cpp
         GameDisplay.cpp
         Generating Code...
         Compiling...
         AnimationManager.cpp
         Animation.cpp
         Generating Code...
       Lib:
         E:\Program Files (x86)\Microsoft Visual Studio 12.0\VC\bin\Lib.exe /OUT:"F:\Game\VC\Asteroids\Debug\..\..\..\lib\\..\lib\Engine.lib" FreeImage.lib /LIBPATH:../../lib /NOLOGO Debug\Animation.obj
         Debug\AnimationManager.obj
         Debug\GameDisplay.obj
         Debug\GameObject.obj
         Debug\GameObjectType.obj
         Debug\GameSession.obj
         Debug\GameWindow.obj
         Debug\GameWorld.obj
         Debug\GlutSession.obj
         Debug\GlutWindow.obj
         Debug\GLVector.obj
         Debug\GUIComponent.obj
         Debug\GUIContainer.obj
         Debug\GUIIcon.obj
         Debug\GUILabel.obj
         Debug\Image.obj
         Debug\ImageManager.obj
         Debug\MovementController.obj
         Debug\Shape.obj
         Debug\Sprite.obj
         Debug\Texture.obj
         Debug\TextureManager.obj
         Engine.vcxproj -> F:\Game\VC\Asteroids\Debug\..\..\..\lib\Engine.lib
     1>Done Building Project "F:\Game\VC\Engine\Engine.vcxproj" (Build target(s)).

Build succeeded.

Time Elapsed 00:00:08.57
